{"name":"app-backend","hostname":"victor-LOG-H61H2-M2","pid":20671,"level":20,"msg":"INFO [Server]: Server initialized on port [8090] ","time":"2018-06-14T00:56:29.917Z","v":0}
{"name":"app-backend","hostname":"victor-LOG-H61H2-M2","pid":20671,"level":20,"msg":"INFO [Database]: Connection with MongoDB established at [localhost] on port [27017] ","time":"2018-06-14T00:56:29.960Z","v":0}
{"name":"app-backend","hostname":"victor-LOG-H61H2-M2","pid":20699,"level":20,"msg":"INFO [Server]: Server initialized on port [8090] ","time":"2018-06-14T00:56:53.695Z","v":0}
{"name":"app-backend","hostname":"victor-LOG-H61H2-M2","pid":20699,"level":20,"msg":"INFO [Database]: Connection with MongoDB established at [localhost] on port [27017] ","time":"2018-06-14T00:56:53.738Z","v":0}
{"name":"app-backend","hostname":"victor-LOG-H61H2-M2","pid":20719,"level":20,"msg":"INFO [Server]: Server initialized on port [8090] ","time":"2018-06-14T00:56:56.704Z","v":0}
{"name":"app-backend","hostname":"victor-LOG-H61H2-M2","pid":20719,"level":20,"msg":"INFO [Database]: Connection with MongoDB established at [localhost] on port [27017] ","time":"2018-06-14T00:56:56.747Z","v":0}
{"name":"app-backend","hostname":"victor-LOG-H61H2-M2","pid":20740,"level":20,"msg":"INFO [Server]: Server initialized on port [8090] ","time":"2018-06-14T00:57:01.177Z","v":0}
{"name":"app-backend","hostname":"victor-LOG-H61H2-M2","pid":20740,"level":20,"msg":"INFO [Database]: Connection with MongoDB established at [localhost] on port [27017] ","time":"2018-06-14T00:57:01.219Z","v":0}
{"name":"app-backend","hostname":"victor-LOG-H61H2-M2","pid":20963,"level":20,"msg":"INFO [Server]: Server initialized on port [8090] ","time":"2018-06-14T00:59:36.609Z","v":0}
{"name":"app-backend","hostname":"victor-LOG-H61H2-M2","pid":20963,"level":20,"msg":"INFO [Database]: Connection with MongoDB established at [localhost] on port [27017] ","time":"2018-06-14T00:59:36.654Z","v":0}
{"name":"app-backend","hostname":"victor-LOG-H61H2-M2","pid":20990,"level":20,"msg":"INFO [Server]: Server initialized on port [8090] ","time":"2018-06-14T00:59:46.078Z","v":0}
{"name":"app-backend","hostname":"victor-LOG-H61H2-M2","pid":20990,"level":20,"msg":"INFO [Database]: Connection with MongoDB established at [localhost] on port [27017] ","time":"2018-06-14T00:59:46.121Z","v":0}
{"name":"app-backend","hostname":"victor-LOG-H61H2-M2","pid":21059,"level":20,"msg":"INFO [Server]: Server initialized on port [8090] ","time":"2018-06-14T01:00:07.988Z","v":0}
{"name":"app-backend","hostname":"victor-LOG-H61H2-M2","pid":21059,"level":20,"msg":"INFO [Database]: Connection with MongoDB established at [localhost] on port [27017] ","time":"2018-06-14T01:00:08.030Z","v":0}
{"name":"app-backend","hostname":"victor-LOG-H61H2-M2","pid":21108,"level":20,"msg":"INFO [Server]: Server initialized on port [8090] ","time":"2018-06-14T01:00:34.653Z","v":0}
{"name":"app-backend","hostname":"victor-LOG-H61H2-M2","pid":21108,"level":20,"msg":"INFO [Database]: Connection with MongoDB established at [localhost] on port [27017] ","time":"2018-06-14T01:00:34.693Z","v":0}
{"name":"app-backend","hostname":"victor-LOG-H61H2-M2","pid":21152,"level":20,"msg":"INFO [Server]: Server initialized on port [8090] ","time":"2018-06-14T01:01:21.814Z","v":0}
{"name":"app-backend","hostname":"victor-LOG-H61H2-M2","pid":21152,"level":20,"msg":"INFO [Database]: Connection with MongoDB established at [localhost] on port [27017] ","time":"2018-06-14T01:01:21.858Z","v":0}
{"name":"app-backend","hostname":"victor-LOG-H61H2-M2","pid":21176,"level":20,"msg":"INFO [Server]: Server initialized on port [8090] ","time":"2018-06-14T01:01:30.148Z","v":0}
{"name":"app-backend","hostname":"victor-LOG-H61H2-M2","pid":21176,"level":20,"msg":"INFO [Database]: Connection with MongoDB established at [localhost] on port [27017] ","time":"2018-06-14T01:01:30.190Z","v":0}
{"name":"app-backend","hostname":"victor-LOG-H61H2-M2","pid":21196,"level":20,"msg":"INFO [Server]: Server initialized on port [8090] ","time":"2018-06-14T01:01:31.929Z","v":0}
{"name":"app-backend","hostname":"victor-LOG-H61H2-M2","pid":21196,"level":20,"msg":"INFO [Database]: Connection with MongoDB established at [localhost] on port [27017] ","time":"2018-06-14T01:01:31.971Z","v":0}
{"name":"app-backend","hostname":"victor-LOG-H61H2-M2","pid":21216,"level":20,"msg":"INFO [Server]: Server initialized on port [8090] ","time":"2018-06-14T01:01:37.385Z","v":0}
{"name":"app-backend","hostname":"victor-LOG-H61H2-M2","pid":21216,"level":20,"msg":"INFO [Database]: Connection with MongoDB established at [localhost] on port [27017] ","time":"2018-06-14T01:01:37.428Z","v":0}
{"name":"app-backend","hostname":"victor-LOG-H61H2-M2","pid":21236,"level":20,"msg":"INFO [Server]: Server initialized on port [8090] ","time":"2018-06-14T01:01:43.122Z","v":0}
{"name":"app-backend","hostname":"victor-LOG-H61H2-M2","pid":21236,"level":20,"msg":"INFO [Database]: Connection with MongoDB established at [localhost] on port [27017] ","time":"2018-06-14T01:01:43.166Z","v":0}
{"name":"app-backend","hostname":"victor-LOG-H61H2-M2","pid":21258,"level":20,"msg":"INFO [Server]: Server initialized on port [8090] ","time":"2018-06-14T01:01:47.238Z","v":0}
{"name":"app-backend","hostname":"victor-LOG-H61H2-M2","pid":21258,"level":20,"msg":"INFO [Database]: Connection with MongoDB established at [localhost] on port [27017] ","time":"2018-06-14T01:01:47.281Z","v":0}
{"name":"app-backend","hostname":"victor-LOG-H61H2-M2","pid":21356,"level":20,"msg":"INFO [Server]: Server initialized on port [8090] ","time":"2018-06-14T01:02:15.683Z","v":0}
{"name":"app-backend","hostname":"victor-LOG-H61H2-M2","pid":21356,"level":20,"msg":"INFO [Database]: Connection with MongoDB established at [localhost] on port [27017] ","time":"2018-06-14T01:02:15.727Z","v":0}
{"name":"app-backend","hostname":"victor-LOG-H61H2-M2","pid":21376,"level":20,"msg":"INFO [Server]: Server initialized on port [8090] ","time":"2018-06-14T01:02:20.708Z","v":0}
{"name":"app-backend","hostname":"victor-LOG-H61H2-M2","pid":21376,"level":20,"msg":"INFO [Database]: Connection with MongoDB established at [localhost] on port [27017] ","time":"2018-06-14T01:02:20.756Z","v":0}
{"name":"app-backend","hostname":"victor-LOG-H61H2-M2","pid":21414,"level":20,"msg":"INFO [Server]: Server initialized on port [8090] ","time":"2018-06-14T01:02:50.922Z","v":0}
{"name":"app-backend","hostname":"victor-LOG-H61H2-M2","pid":21414,"level":20,"msg":"INFO [Database]: Connection with MongoDB established at [localhost] on port [27017] ","time":"2018-06-14T01:02:50.966Z","v":0}
{"name":"app-backend","hostname":"victor-LOG-H61H2-M2","pid":21434,"level":20,"msg":"INFO [Server]: Server initialized on port [8090] ","time":"2018-06-14T01:02:57.603Z","v":0}
{"name":"app-backend","hostname":"victor-LOG-H61H2-M2","pid":21434,"level":20,"msg":"INFO [Database]: Connection with MongoDB established at [localhost] on port [27017] ","time":"2018-06-14T01:02:57.646Z","v":0}
{"name":"app-backend","hostname":"victor-LOG-H61H2-M2","pid":21462,"level":20,"msg":"INFO [Server]: Server initialized on port [8090] ","time":"2018-06-14T01:03:12.483Z","v":0}
{"name":"app-backend","hostname":"victor-LOG-H61H2-M2","pid":21462,"level":20,"msg":"INFO [Database]: Connection with MongoDB established at [localhost] on port [27017] ","time":"2018-06-14T01:03:12.526Z","v":0}
{"name":"app-backend","hostname":"victor-LOG-H61H2-M2","pid":21534,"level":20,"msg":"INFO [Server]: Server initialized on port [8090] ","time":"2018-06-14T01:04:07.292Z","v":0}
{"name":"app-backend","hostname":"victor-LOG-H61H2-M2","pid":21534,"level":20,"msg":"INFO [Database]: Connection with MongoDB established at [localhost] on port [27017] ","time":"2018-06-14T01:04:07.335Z","v":0}
{"name":"app-backend","hostname":"victor-LOG-H61H2-M2","pid":21581,"level":20,"msg":"INFO [Server]: Server initialized on port [8090] ","time":"2018-06-14T01:04:35.124Z","v":0}
{"name":"app-backend","hostname":"victor-LOG-H61H2-M2","pid":21581,"level":20,"msg":"INFO [Database]: Connection with MongoDB established at [localhost] on port [27017] ","time":"2018-06-14T01:04:35.166Z","v":0}
{"name":"app-backend","hostname":"victor-LOG-H61H2-M2","pid":21602,"level":20,"msg":"INFO [Server]: Server initialized on port [8090] ","time":"2018-06-14T01:04:37.591Z","v":0}
{"name":"app-backend","hostname":"victor-LOG-H61H2-M2","pid":21602,"level":20,"msg":"INFO [Database]: Connection with MongoDB established at [localhost] on port [27017] ","time":"2018-06-14T01:04:37.634Z","v":0}
{"name":"app-backend","hostname":"victor-LOG-H61H2-M2","pid":21647,"level":20,"msg":"INFO [Server]: Server initialized on port [8090] ","time":"2018-06-14T01:04:50.911Z","v":0}
{"name":"app-backend","hostname":"victor-LOG-H61H2-M2","pid":21647,"level":20,"msg":"INFO [Database]: Connection with MongoDB established at [localhost] on port [27017] ","time":"2018-06-14T01:04:50.957Z","v":0}
{"name":"app-backend","hostname":"victor-LOG-H61H2-M2","pid":21712,"level":20,"msg":"INFO [Server]: Server initialized on port [8090] ","time":"2018-06-14T01:04:56.384Z","v":0}
{"name":"app-backend","hostname":"victor-LOG-H61H2-M2","pid":21712,"level":20,"msg":"INFO [Database]: Connection with MongoDB established at [localhost] on port [27017] ","time":"2018-06-14T01:04:56.457Z","v":0}
{"name":"app-backend","hostname":"victor-LOG-H61H2-M2","pid":21728,"level":20,"msg":"INFO [Server]: Server initialized on port [8090] ","time":"2018-06-14T01:04:57.512Z","v":0}
{"name":"app-backend","hostname":"victor-LOG-H61H2-M2","pid":21728,"level":20,"msg":"INFO [Database]: Connection with MongoDB established at [localhost] on port [27017] ","time":"2018-06-14T01:04:57.558Z","v":0}
{"name":"app-backend","hostname":"victor-LOG-H61H2-M2","pid":21761,"level":50,"msg":"INFO [Application]: Uncaught Exception! [ReferenceError: routes is not defined]","time":"2018-06-14T01:05:03.180Z","v":0}
{"name":"app-backend","hostname":"victor-LOG-H61H2-M2","pid":21761,"level":50,"msg":"INFO [Application]: Uncaught Exception! [ReferenceError: routes is not defined]","time":"2018-06-14T01:05:03.180Z","v":0}
{"name":"app-backend","hostname":"victor-LOG-H61H2-M2","pid":21761,"level":50,"msg":"INFO [Application]: Uncaught Exception! [ReferenceError: routes is not defined]","time":"2018-06-14T01:05:03.180Z","v":0}
{"name":"app-backend","hostname":"victor-LOG-H61H2-M2","pid":21780,"level":20,"msg":"INFO [Server]: Server initialized on port [8090] ","time":"2018-06-14T01:05:08.083Z","v":0}
{"name":"app-backend","hostname":"victor-LOG-H61H2-M2","pid":21780,"level":20,"msg":"INFO [Database]: Connection with MongoDB established at [localhost] on port [27017] ","time":"2018-06-14T01:05:08.183Z","v":0}
{"name":"app-backend","hostname":"victor-LOG-H61H2-M2","pid":21857,"level":50,"msg":"INFO [Application]: Uncaught Exception! [ReferenceError: routes is not defined]","time":"2018-06-14T01:05:24.960Z","v":0}
{"name":"app-backend","hostname":"victor-LOG-H61H2-M2","pid":21857,"level":50,"msg":"INFO [Application]: Uncaught Exception! [ReferenceError: routes is not defined]","time":"2018-06-14T01:05:24.960Z","v":0}
{"name":"app-backend","hostname":"victor-LOG-H61H2-M2","pid":21857,"level":50,"msg":"INFO [Application]: Uncaught Exception! [ReferenceError: routes is not defined]","time":"2018-06-14T01:05:24.960Z","v":0}
{"name":"app-backend","hostname":"victor-LOG-H61H2-M2","pid":21875,"level":50,"msg":"INFO [Application]: Uncaught Exception! [ReferenceError: routes is not defined]","time":"2018-06-14T01:05:32.229Z","v":0}
{"name":"app-backend","hostname":"victor-LOG-H61H2-M2","pid":21875,"level":50,"msg":"INFO [Application]: Uncaught Exception! [ReferenceError: routes is not defined]","time":"2018-06-14T01:05:32.229Z","v":0}
{"name":"app-backend","hostname":"victor-LOG-H61H2-M2","pid":21875,"level":50,"msg":"INFO [Application]: Uncaught Exception! [ReferenceError: routes is not defined]","time":"2018-06-14T01:05:32.229Z","v":0}
{"name":"app-backend","hostname":"victor-LOG-H61H2-M2","pid":21893,"level":50,"msg":"INFO [Application]: Uncaught Exception! [ReferenceError: routes is not defined]","time":"2018-06-14T01:05:44.310Z","v":0}
{"name":"app-backend","hostname":"victor-LOG-H61H2-M2","pid":21893,"level":50,"msg":"INFO [Application]: Uncaught Exception! [ReferenceError: routes is not defined]","time":"2018-06-14T01:05:44.310Z","v":0}
{"name":"app-backend","hostname":"victor-LOG-H61H2-M2","pid":21893,"level":50,"msg":"INFO [Application]: Uncaught Exception! [ReferenceError: routes is not defined]","time":"2018-06-14T01:05:44.310Z","v":0}
{"name":"app-backend","hostname":"victor-LOG-H61H2-M2","pid":21915,"level":50,"msg":"INFO [Application]: Uncaught Exception! [ReferenceError: routes is not defined]","time":"2018-06-14T01:05:48.170Z","v":0}
{"name":"app-backend","hostname":"victor-LOG-H61H2-M2","pid":21915,"level":50,"msg":"INFO [Application]: Uncaught Exception! [ReferenceError: routes is not defined]","time":"2018-06-14T01:05:48.170Z","v":0}
{"name":"app-backend","hostname":"victor-LOG-H61H2-M2","pid":21915,"level":50,"msg":"INFO [Application]: Uncaught Exception! [ReferenceError: routes is not defined]","time":"2018-06-14T01:05:48.170Z","v":0}
{"name":"app-backend","hostname":"victor-LOG-H61H2-M2","pid":21939,"level":50,"msg":"INFO [Application]: Uncaught Exception! [ReferenceError: routes is not defined]","time":"2018-06-14T01:05:52.244Z","v":0}
{"name":"app-backend","hostname":"victor-LOG-H61H2-M2","pid":21939,"level":50,"msg":"INFO [Application]: Uncaught Exception! [ReferenceError: routes is not defined]","time":"2018-06-14T01:05:52.244Z","v":0}
{"name":"app-backend","hostname":"victor-LOG-H61H2-M2","pid":21939,"level":50,"msg":"INFO [Application]: Uncaught Exception! [ReferenceError: routes is not defined]","time":"2018-06-14T01:05:52.244Z","v":0}
{"name":"app-backend","hostname":"victor-LOG-H61H2-M2","pid":21950,"level":50,"msg":"INFO [Application]: Uncaught Exception! [ReferenceError: routes is not defined]","time":"2018-06-14T01:05:53.134Z","v":0}
{"name":"app-backend","hostname":"victor-LOG-H61H2-M2","pid":21950,"level":50,"msg":"INFO [Application]: Uncaught Exception! [ReferenceError: routes is not defined]","time":"2018-06-14T01:05:53.134Z","v":0}
{"name":"app-backend","hostname":"victor-LOG-H61H2-M2","pid":21950,"level":50,"msg":"INFO [Application]: Uncaught Exception! [ReferenceError: routes is not defined]","time":"2018-06-14T01:05:53.134Z","v":0}
{"name":"app-backend","hostname":"victor-LOG-H61H2-M2","pid":21973,"level":50,"msg":"INFO [Application]: Uncaught Exception! [TypeError: Cannot read property 'forEach' of undefined]","time":"2018-06-14T01:06:18.315Z","v":0}
{"name":"app-backend","hostname":"victor-LOG-H61H2-M2","pid":21973,"level":50,"msg":"INFO [Application]: Uncaught Exception! [TypeError: Cannot read property 'forEach' of undefined]","time":"2018-06-14T01:06:18.315Z","v":0}
{"name":"app-backend","hostname":"victor-LOG-H61H2-M2","pid":21973,"level":50,"msg":"INFO [Application]: Uncaught Exception! [TypeError: Cannot read property 'forEach' of undefined]","time":"2018-06-14T01:06:18.315Z","v":0}
{"name":"app-backend","hostname":"victor-LOG-H61H2-M2","pid":22031,"level":20,"msg":"INFO [Server]: Server initialized on port [8090] ","time":"2018-06-14T01:06:43.008Z","v":0}
{"name":"app-backend","hostname":"victor-LOG-H61H2-M2","pid":22031,"level":20,"msg":"INFO [Database]: Connection with MongoDB established at [localhost] on port [27017] ","time":"2018-06-14T01:06:43.052Z","v":0}
{"name":"app-backend","hostname":"victor-LOG-H61H2-M2","pid":22031,"level":20,"msg":"INFO [Server]: Request has been received with ID [50362564-26ea-4490-8e78-ff851a1ad9a3] Object {\n  \"body\": Object {},\n  \"headers\": Object {\n    \"accept\": \"*/*\",\n    \"accept-encoding\": \"gzip, deflate\",\n    \"cache-control\": \"no-cache\",\n    \"connection\": \"keep-alive\",\n    \"host\": \"localhost:8090\",\n    \"postman-token\": \"309b7733-b437-4626-bd3d-4fd1f599d834\",\n    \"user-agent\": \"PostmanRuntime/7.1.1\",\n  },\n  \"method\": \"GET\",\n  \"params\": Object {},\n  \"query\": Object {\n    \"amount\": \"1\",\n    \"from\": \"2\",\n  },\n  \"url\": \"/?from=2&amount=1\",\n}","time":"2018-06-14T01:06:48.654Z","v":0}
{"name":"app-backend","hostname":"victor-LOG-H61H2-M2","pid":22031,"level":20,"msg":"INFO [Server]: Response has been sent for ID [50362564-26ea-4490-8e78-ff851a1ad9a3] Object {\n  \"body\": Object {},\n  \"headers\": Object {\n    \"access-control-allow-origin\": \"*\",\n    \"x-powered-by\": \"Express\",\n  },\n  \"status\": 200,\n}","time":"2018-06-14T01:06:48.655Z","v":0}
{"name":"app-backend","hostname":"victor-LOG-H61H2-M2","pid":22031,"level":20,"msg":"INFO [Server]: Request has been received with ID [696d754c-1e26-4e8b-90e6-c68df7024283] Object {\n  \"body\": Object {},\n  \"headers\": Object {\n    \"accept\": \"*/*\",\n    \"accept-encoding\": \"gzip, deflate\",\n    \"cache-control\": \"no-cache\",\n    \"connection\": \"keep-alive\",\n    \"host\": \"localhost:8090\",\n    \"postman-token\": \"4d4ff143-8f7f-460b-831d-b77f4d1ba5dc\",\n    \"user-agent\": \"PostmanRuntime/7.1.1\",\n  },\n  \"method\": \"GET\",\n  \"params\": Object {},\n  \"query\": Object {\n    \"amount\": \"1\",\n    \"from\": \"2\",\n  },\n  \"url\": \"/?from=2&amount=1\",\n}","time":"2018-06-14T01:06:52.237Z","v":0}
{"name":"app-backend","hostname":"victor-LOG-H61H2-M2","pid":22031,"level":20,"msg":"INFO [Server]: Response has been sent for ID [696d754c-1e26-4e8b-90e6-c68df7024283] Object {\n  \"body\": Object {},\n  \"headers\": Object {\n    \"access-control-allow-origin\": \"*\",\n    \"x-powered-by\": \"Express\",\n  },\n  \"status\": 200,\n}","time":"2018-06-14T01:06:52.239Z","v":0}
{"name":"app-backend","hostname":"victor-LOG-H61H2-M2","pid":22156,"level":50,"msg":"INFO [Application]: Uncaught Exception! [ReferenceError: action is not defined]","time":"2018-06-14T01:08:03.611Z","v":0}
{"name":"app-backend","hostname":"victor-LOG-H61H2-M2","pid":22156,"level":50,"msg":"INFO [Application]: Uncaught Exception! [ReferenceError: action is not defined]","time":"2018-06-14T01:08:03.611Z","v":0}
{"name":"app-backend","hostname":"victor-LOG-H61H2-M2","pid":22156,"level":50,"msg":"INFO [Application]: Uncaught Exception! [ReferenceError: action is not defined]","time":"2018-06-14T01:08:03.611Z","v":0}
{"name":"app-backend","hostname":"victor-LOG-H61H2-M2","pid":22173,"level":20,"msg":"INFO [Server]: A new route has been defined [get] [/api/account/index] [AccountController]#[index] ","time":"2018-06-14T01:08:11.229Z","v":0}
{"name":"app-backend","hostname":"victor-LOG-H61H2-M2","pid":22173,"level":20,"msg":"INFO [Server]: A new route has been defined [post] [/api/account/create] [AccountController]#[create] ","time":"2018-06-14T01:08:11.230Z","v":0}
{"name":"app-backend","hostname":"victor-LOG-H61H2-M2","pid":22173,"level":20,"msg":"INFO [Server]: Server initialized on port [8090] ","time":"2018-06-14T01:08:11.236Z","v":0}
{"name":"app-backend","hostname":"victor-LOG-H61H2-M2","pid":22173,"level":20,"msg":"INFO [Database]: Connection with MongoDB established at [localhost] on port [27017] ","time":"2018-06-14T01:08:11.285Z","v":0}
{"name":"app-backend","hostname":"victor-LOG-H61H2-M2","pid":22203,"level":20,"msg":"INFO [Server]: A new route has been defined [GET] [/api/account/index] [AccountController]#[index] ","time":"2018-06-14T01:08:32.246Z","v":0}
{"name":"app-backend","hostname":"victor-LOG-H61H2-M2","pid":22203,"level":20,"msg":"INFO [Server]: A new route has been defined [POST] [/api/account/create] [AccountController]#[create] ","time":"2018-06-14T01:08:32.247Z","v":0}
{"name":"app-backend","hostname":"victor-LOG-H61H2-M2","pid":22203,"level":20,"msg":"INFO [Server]: Server initialized on port [8090] ","time":"2018-06-14T01:08:32.252Z","v":0}
{"name":"app-backend","hostname":"victor-LOG-H61H2-M2","pid":22203,"level":20,"msg":"INFO [Database]: Connection with MongoDB established at [localhost] on port [27017] ","time":"2018-06-14T01:08:32.296Z","v":0}
{"name":"app-backend","hostname":"victor-LOG-H61H2-M2","pid":22223,"level":20,"msg":"INFO [Server]: A new route has been defined: [GET] [/api/account/index] [AccountController]#[index] ","time":"2018-06-14T01:08:41.060Z","v":0}
{"name":"app-backend","hostname":"victor-LOG-H61H2-M2","pid":22223,"level":20,"msg":"INFO [Server]: A new route has been defined: [POST] [/api/account/create] [AccountController]#[create] ","time":"2018-06-14T01:08:41.061Z","v":0}
{"name":"app-backend","hostname":"victor-LOG-H61H2-M2","pid":22223,"level":20,"msg":"INFO [Server]: Server initialized on port [8090] ","time":"2018-06-14T01:08:41.066Z","v":0}
{"name":"app-backend","hostname":"victor-LOG-H61H2-M2","pid":22223,"level":20,"msg":"INFO [Database]: Connection with MongoDB established at [localhost] on port [27017] ","time":"2018-06-14T01:08:41.108Z","v":0}
{"name":"app-backend","hostname":"victor-LOG-H61H2-M2","pid":22243,"level":20,"msg":"INFO [Server]: A new route has been defined [GET] [/api/account/index] [AccountController]#[index] ","time":"2018-06-14T01:08:45.193Z","v":0}
{"name":"app-backend","hostname":"victor-LOG-H61H2-M2","pid":22243,"level":20,"msg":"INFO [Server]: A new route has been defined [POST] [/api/account/create] [AccountController]#[create] ","time":"2018-06-14T01:08:45.194Z","v":0}
{"name":"app-backend","hostname":"victor-LOG-H61H2-M2","pid":22243,"level":20,"msg":"INFO [Server]: Server initialized on port [8090] ","time":"2018-06-14T01:08:45.198Z","v":0}
{"name":"app-backend","hostname":"victor-LOG-H61H2-M2","pid":22243,"level":20,"msg":"INFO [Database]: Connection with MongoDB established at [localhost] on port [27017] ","time":"2018-06-14T01:08:45.243Z","v":0}
{"name":"app-backend","hostname":"victor-LOG-H61H2-M2","pid":22266,"level":20,"msg":"INFO [Server]: A new route has been defined as [GET] [/api/account/index] [AccountController]#[index] ","time":"2018-06-14T01:08:53.983Z","v":0}
{"name":"app-backend","hostname":"victor-LOG-H61H2-M2","pid":22266,"level":20,"msg":"INFO [Server]: A new route has been defined as [POST] [/api/account/create] [AccountController]#[create] ","time":"2018-06-14T01:08:53.984Z","v":0}
{"name":"app-backend","hostname":"victor-LOG-H61H2-M2","pid":22266,"level":20,"msg":"INFO [Server]: Server initialized on port [8090] ","time":"2018-06-14T01:08:53.989Z","v":0}
{"name":"app-backend","hostname":"victor-LOG-H61H2-M2","pid":22266,"level":20,"msg":"INFO [Database]: Connection with MongoDB established at [localhost] on port [27017] ","time":"2018-06-14T01:08:54.031Z","v":0}
{"name":"app-backend","hostname":"victor-LOG-H61H2-M2","pid":22266,"level":20,"msg":"INFO [Server]: Request has been received with ID [7cb17dfe-df1e-4474-bd5d-bc554fa79ba1] Object {\n  \"body\": Object {},\n  \"headers\": Object {\n    \"accept\": \"*/*\",\n    \"accept-encoding\": \"gzip, deflate\",\n    \"cache-control\": \"no-cache\",\n    \"connection\": \"keep-alive\",\n    \"host\": \"localhost:8090\",\n    \"postman-token\": \"71948059-4b99-4ec9-9053-a6c140121384\",\n    \"user-agent\": \"PostmanRuntime/7.1.1\",\n  },\n  \"method\": \"GET\",\n  \"params\": Object {},\n  \"query\": Object {},\n  \"url\": \"/api/account/index\",\n}","time":"2018-06-14T01:10:18.690Z","v":0}
{"name":"app-backend","hostname":"victor-LOG-H61H2-M2","pid":22266,"level":20,"msg":"INFO [Server]: Response has been sent for ID [7cb17dfe-df1e-4474-bd5d-bc554fa79ba1] Object {\n  \"body\": Object {},\n  \"headers\": Object {\n    \"access-control-allow-origin\": \"*\",\n    \"content-length\": \"360\",\n    \"content-type\": \"application/json; charset=utf-8\",\n    \"etag\": \"W/\\\"168-Fc9HAwhQgge8HMFFjJZWNHrROas\\\"\",\n    \"x-powered-by\": \"Express\",\n  },\n  \"status\": 200,\n}","time":"2018-06-14T01:10:18.854Z","v":0}
{"name":"app-backend","hostname":"victor-LOG-H61H2-M2","pid":22266,"level":20,"msg":"INFO [Server]: Request has been received with ID [58a25c23-10a4-48c5-9a98-e1d97b7377c4] Object {\n  \"body\": Object {},\n  \"headers\": Object {\n    \"accept\": \"*/*\",\n    \"accept-encoding\": \"gzip, deflate\",\n    \"cache-control\": \"no-cache\",\n    \"connection\": \"keep-alive\",\n    \"content-length\": \"0\",\n    \"host\": \"localhost:8090\",\n    \"postman-token\": \"91aa5a3f-b20c-42e9-97ed-c75bb2d3d233\",\n    \"user-agent\": \"PostmanRuntime/7.1.1\",\n  },\n  \"method\": \"POST\",\n  \"params\": Object {},\n  \"query\": Object {},\n  \"url\": \"/api/account/create\",\n}","time":"2018-06-14T01:10:30.828Z","v":0}
{"name":"app-backend","hostname":"victor-LOG-H61H2-M2","pid":22475,"level":20,"msg":"INFO [Server]: A new route has been defined as [GET] [/api/account/index] [AccountController]#[index] ","time":"2018-06-14T01:11:37.472Z","v":0}
{"name":"app-backend","hostname":"victor-LOG-H61H2-M2","pid":22475,"level":20,"msg":"INFO [Server]: A new route has been defined as [POST] [/api/account/create] [AccountController]#[create] ","time":"2018-06-14T01:11:37.473Z","v":0}
{"name":"app-backend","hostname":"victor-LOG-H61H2-M2","pid":22475,"level":20,"msg":"INFO [Server]: Server initialized on port [8090] ","time":"2018-06-14T01:11:37.477Z","v":0}
{"name":"app-backend","hostname":"victor-LOG-H61H2-M2","pid":22475,"level":20,"msg":"INFO [Database]: Connection with MongoDB established at [localhost] on port [27017] ","time":"2018-06-14T01:11:37.521Z","v":0}
{"name":"app-backend","hostname":"victor-LOG-H61H2-M2","pid":22511,"level":20,"msg":"INFO [Server]: A new route has been defined as [GET] [/api/account/index] [AccountController]#[index] ","time":"2018-06-14T01:11:46.833Z","v":0}
{"name":"app-backend","hostname":"victor-LOG-H61H2-M2","pid":22511,"level":20,"msg":"INFO [Server]: A new route has been defined as [POST] [/api/account/create] [AccountController]#[create] ","time":"2018-06-14T01:11:46.834Z","v":0}
{"name":"app-backend","hostname":"victor-LOG-H61H2-M2","pid":22511,"level":20,"msg":"INFO [Server]: Server initialized on port [8090] ","time":"2018-06-14T01:11:46.839Z","v":0}
{"name":"app-backend","hostname":"victor-LOG-H61H2-M2","pid":22511,"level":20,"msg":"INFO [Database]: Connection with MongoDB established at [localhost] on port [27017] ","time":"2018-06-14T01:11:46.885Z","v":0}
{"name":"app-backend","hostname":"victor-LOG-H61H2-M2","pid":22511,"level":20,"msg":"INFO [Server]: Request has been received with ID [e9f65789-5f7d-42f6-9ff6-cdb869d47320] Object {\n  \"body\": Object {},\n  \"headers\": Object {\n    \"accept\": \"*/*\",\n    \"accept-encoding\": \"gzip, deflate\",\n    \"cache-control\": \"no-cache\",\n    \"connection\": \"keep-alive\",\n    \"content-length\": \"0\",\n    \"host\": \"localhost:8090\",\n    \"postman-token\": \"54bf303f-fd1a-4d68-8e25-3af5c5579a1d\",\n    \"user-agent\": \"PostmanRuntime/7.1.1\",\n  },\n  \"method\": \"POST\",\n  \"params\": Object {},\n  \"query\": Object {},\n  \"url\": \"/api/account/create\",\n}","time":"2018-06-14T01:11:49.772Z","v":0}
{"name":"app-backend","hostname":"victor-LOG-H61H2-M2","pid":22559,"level":20,"msg":"INFO [Server]: A new route has been defined as [GET] [/api/account/index] [AccountController]#[index] ","time":"2018-06-14T01:12:18.754Z","v":0}
{"name":"app-backend","hostname":"victor-LOG-H61H2-M2","pid":22559,"level":20,"msg":"INFO [Server]: A new route has been defined as [POST] [/api/account/create] [AccountController]#[create] ","time":"2018-06-14T01:12:18.755Z","v":0}
{"name":"app-backend","hostname":"victor-LOG-H61H2-M2","pid":22559,"level":20,"msg":"INFO [Server]: Server initialized on port [8090] ","time":"2018-06-14T01:12:18.759Z","v":0}
{"name":"app-backend","hostname":"victor-LOG-H61H2-M2","pid":22559,"level":20,"msg":"INFO [Database]: Connection with MongoDB established at [localhost] on port [27017] ","time":"2018-06-14T01:12:18.802Z","v":0}
{"name":"app-backend","hostname":"victor-LOG-H61H2-M2","pid":22580,"level":20,"msg":"INFO [Server]: A new route has been defined as [GET] [/api/account/index] [AccountController]#[index] ","time":"2018-06-14T01:12:25.277Z","v":0}
{"name":"app-backend","hostname":"victor-LOG-H61H2-M2","pid":22580,"level":20,"msg":"INFO [Server]: A new route has been defined as [POST] [/api/account/create] [AccountController]#[create] ","time":"2018-06-14T01:12:25.278Z","v":0}
{"name":"app-backend","hostname":"victor-LOG-H61H2-M2","pid":22580,"level":20,"msg":"INFO [Server]: Server initialized on port [8090] ","time":"2018-06-14T01:12:25.283Z","v":0}
{"name":"app-backend","hostname":"victor-LOG-H61H2-M2","pid":22580,"level":20,"msg":"INFO [Database]: Connection with MongoDB established at [localhost] on port [27017] ","time":"2018-06-14T01:12:25.329Z","v":0}
{"name":"app-backend","hostname":"victor-LOG-H61H2-M2","pid":22580,"level":20,"msg":"INFO [Server]: Request has been received with ID [6a0c075e-d4b4-45a9-b565-11ba3985a1bc] Object {\n  \"body\": Object {},\n  \"headers\": Object {\n    \"accept\": \"*/*\",\n    \"accept-encoding\": \"gzip, deflate\",\n    \"cache-control\": \"no-cache\",\n    \"connection\": \"keep-alive\",\n    \"content-length\": \"0\",\n    \"host\": \"localhost:8090\",\n    \"postman-token\": \"ad88450a-b62c-4efd-989c-f6483f8cfeb3\",\n    \"user-agent\": \"PostmanRuntime/7.1.1\",\n  },\n  \"method\": \"POST\",\n  \"params\": Object {},\n  \"query\": Object {},\n  \"url\": \"/api/account/create\",\n}","time":"2018-06-14T01:12:27.521Z","v":0}
{"name":"app-backend","hostname":"victor-LOG-H61H2-M2","pid":22643,"level":20,"msg":"INFO [Server]: A new route has been defined as [GET] [/api/account/index] [AccountController]#[index] ","time":"2018-06-14T01:12:50.966Z","v":0}
{"name":"app-backend","hostname":"victor-LOG-H61H2-M2","pid":22643,"level":20,"msg":"INFO [Server]: A new route has been defined as [POST] [/api/account/create] [AccountController]#[create] ","time":"2018-06-14T01:12:50.967Z","v":0}
{"name":"app-backend","hostname":"victor-LOG-H61H2-M2","pid":22643,"level":20,"msg":"INFO [Server]: Server initialized on port [8090] ","time":"2018-06-14T01:12:50.972Z","v":0}
{"name":"app-backend","hostname":"victor-LOG-H61H2-M2","pid":22643,"level":20,"msg":"INFO [Database]: Connection with MongoDB established at [localhost] on port [27017] ","time":"2018-06-14T01:12:51.019Z","v":0}
{"name":"app-backend","hostname":"victor-LOG-H61H2-M2","pid":22979,"level":20,"msg":"INFO [Server]: A new route has been defined as [GET] [/api/account/index] [AccountController]#[index] ","time":"2018-06-14T01:29:11.748Z","v":0}
{"name":"app-backend","hostname":"victor-LOG-H61H2-M2","pid":22979,"level":20,"msg":"INFO [Server]: A new route has been defined as [POST] [/api/account/create] [AccountController]#[create] ","time":"2018-06-14T01:29:11.749Z","v":0}
{"name":"app-backend","hostname":"victor-LOG-H61H2-M2","pid":22979,"level":20,"msg":"INFO [Server]: Server initialized on port [8090] ","time":"2018-06-14T01:29:11.754Z","v":0}
{"name":"app-backend","hostname":"victor-LOG-H61H2-M2","pid":22979,"level":20,"msg":"INFO [Database]: Connection with MongoDB established at [localhost] on port [27017] ","time":"2018-06-14T01:29:11.799Z","v":0}
{"name":"app-backend","hostname":"victor-LOG-H61H2-M2","pid":24237,"level":50,"msg":"INFO [Application]: Uncaught Exception! [TypeError: Cannot read property 'debug' of undefined]","time":"2018-06-14T01:41:45.616Z","v":0}
{"name":"app-backend","hostname":"victor-LOG-H61H2-M2","pid":24237,"level":50,"msg":"INFO [Application]: Uncaught Exception! [TypeError: Cannot read property 'debug' of undefined]","time":"2018-06-14T01:41:45.616Z","v":0}
{"name":"app-backend","hostname":"victor-LOG-H61H2-M2","pid":24237,"level":50,"msg":"INFO [Application]: Uncaught Exception! [TypeError: Cannot read property 'debug' of undefined]","time":"2018-06-14T01:41:45.616Z","v":0}
{"name":"app-backend","hostname":"victor-LOG-H61H2-M2","pid":24261,"level":20,"msg":"INFO [Server]: A new route has been defined as [GET] [/api/account/index] [AccountController]#[index] ","time":"2018-06-14T01:42:13.921Z","v":0}
{"name":"app-backend","hostname":"victor-LOG-H61H2-M2","pid":24261,"level":20,"msg":"INFO [Server]: A new route has been defined as [POST] [/api/account/create] [AccountController]#[create] ","time":"2018-06-14T01:42:13.923Z","v":0}
{"name":"app-backend","hostname":"victor-LOG-H61H2-M2","pid":24261,"level":20,"msg":"INFO [Server]: Server initialized on port [8090] ","time":"2018-06-14T01:42:13.928Z","v":0}
{"name":"app-backend","hostname":"victor-LOG-H61H2-M2","pid":24261,"level":20,"msg":"INFO [Database]: Connection with MongoDB established at [localhost] on port [27017] ","time":"2018-06-14T01:42:13.974Z","v":0}
{"name":"app-backend","hostname":"victor-LOG-H61H2-M2","pid":24261,"level":20,"msg":"INFO [Server]: Request has been received with ID [70c4c7a2-a7f5-4f93-b960-c119522e24eb] Object {\n  \"body\": Object {},\n  \"headers\": Object {\n    \"accept\": \"*/*\",\n    \"accept-encoding\": \"gzip, deflate\",\n    \"cache-control\": \"no-cache\",\n    \"connection\": \"keep-alive\",\n    \"content-length\": \"0\",\n    \"host\": \"localhost:8090\",\n    \"postman-token\": \"bf79b076-10b2-4533-889c-08e16a9b2e2a\",\n    \"user-agent\": \"PostmanRuntime/7.1.1\",\n  },\n  \"method\": \"POST\",\n  \"params\": Object {},\n  \"query\": Object {},\n  \"url\": \"/api/account/create\",\n}","time":"2018-06-14T01:42:20.477Z","v":0}
{"name":"app-backend","hostname":"victor-LOG-H61H2-M2","pid":24318,"level":20,"msg":"INFO [Server]: A new route has been defined as [GET] [/api/account/index] [AccountController]#[index] ","time":"2018-06-14T01:42:54.457Z","v":0}
{"name":"app-backend","hostname":"victor-LOG-H61H2-M2","pid":24318,"level":20,"msg":"INFO [Server]: A new route has been defined as [POST] [/api/account/create] [AccountController]#[create] ","time":"2018-06-14T01:42:54.459Z","v":0}
{"name":"app-backend","hostname":"victor-LOG-H61H2-M2","pid":24318,"level":20,"msg":"INFO [Server]: Server initialized on port [8090] ","time":"2018-06-14T01:42:54.463Z","v":0}
{"name":"app-backend","hostname":"victor-LOG-H61H2-M2","pid":24318,"level":20,"msg":"INFO [Database]: Connection with MongoDB established at [localhost] on port [27017] ","time":"2018-06-14T01:42:54.509Z","v":0}
{"name":"app-backend","hostname":"victor-LOG-H61H2-M2","pid":24318,"level":20,"msg":"INFO [Server]: Request has been received with ID [c04588be-20e3-4006-8ec5-7d824f857fff] Object {\n  \"body\": Object {},\n  \"headers\": Object {\n    \"accept\": \"*/*\",\n    \"accept-encoding\": \"gzip, deflate\",\n    \"cache-control\": \"no-cache\",\n    \"connection\": \"keep-alive\",\n    \"content-length\": \"0\",\n    \"host\": \"localhost:8090\",\n    \"postman-token\": \"7ca41609-4acb-408e-9117-e1bdf8288602\",\n    \"user-agent\": \"PostmanRuntime/7.1.1\",\n  },\n  \"method\": \"POST\",\n  \"params\": Object {},\n  \"query\": Object {},\n  \"url\": \"/api/account/create\",\n}","time":"2018-06-14T01:42:58.303Z","v":0}
{"name":"app-backend","hostname":"victor-LOG-H61H2-M2","pid":24352,"level":20,"msg":"INFO [Server]: A new route has been defined as [GET] [/api/account/index] [AccountController]#[index] ","time":"2018-06-14T01:43:05.337Z","v":0}
{"name":"app-backend","hostname":"victor-LOG-H61H2-M2","pid":24352,"level":20,"msg":"INFO [Server]: A new route has been defined as [POST] [/api/account/create] [AccountController]#[create] ","time":"2018-06-14T01:43:05.338Z","v":0}
{"name":"app-backend","hostname":"victor-LOG-H61H2-M2","pid":24352,"level":20,"msg":"INFO [Server]: Server initialized on port [8090] ","time":"2018-06-14T01:43:05.343Z","v":0}
{"name":"app-backend","hostname":"victor-LOG-H61H2-M2","pid":24352,"level":20,"msg":"INFO [Database]: Connection with MongoDB established at [localhost] on port [27017] ","time":"2018-06-14T01:43:05.386Z","v":0}
{"name":"app-backend","hostname":"victor-LOG-H61H2-M2","pid":24352,"level":20,"msg":"INFO [Server]: Request has been received with ID [44c54404-1696-4dd3-a76e-5526a130bf43] Object {\n  \"body\": Object {},\n  \"headers\": Object {\n    \"accept\": \"*/*\",\n    \"accept-encoding\": \"gzip, deflate\",\n    \"cache-control\": \"no-cache\",\n    \"connection\": \"keep-alive\",\n    \"content-length\": \"0\",\n    \"host\": \"localhost:8090\",\n    \"postman-token\": \"8ad00c7a-5032-4ca4-bc34-27c1ab9a6c32\",\n    \"user-agent\": \"PostmanRuntime/7.1.1\",\n  },\n  \"method\": \"POST\",\n  \"params\": Object {},\n  \"query\": Object {},\n  \"url\": \"/api/account/create\",\n}","time":"2018-06-14T01:43:08.193Z","v":0}
{"name":"app-backend","hostname":"victor-LOG-H61H2-M2","pid":24352,"level":50,"msg":"INFO [BaseController]: An action method was not found [AccountController] [create] ","time":"2018-06-14T01:43:08.238Z","v":0}
{"name":"app-backend","hostname":"victor-LOG-H61H2-M2","pid":24352,"level":50,"msg":"INFO [BaseController]: An action method was not found [AccountController] [create] ","time":"2018-06-14T01:43:08.238Z","v":0}
{"name":"app-backend","hostname":"victor-LOG-H61H2-M2","pid":24352,"level":50,"msg":"INFO [BaseController]: An action method was not found [AccountController] [create] ","time":"2018-06-14T01:43:08.238Z","v":0}
{"name":"app-backend","hostname":"victor-LOG-H61H2-M2","pid":24394,"level":20,"msg":"INFO [Server]: A new route has been defined as [GET] [/api/account/index] [AccountController]#[index] ","time":"2018-06-14T01:43:22.514Z","v":0}
{"name":"app-backend","hostname":"victor-LOG-H61H2-M2","pid":24394,"level":20,"msg":"INFO [Server]: A new route has been defined as [POST] [/api/account/create] [AccountController]#[create] ","time":"2018-06-14T01:43:22.516Z","v":0}
{"name":"app-backend","hostname":"victor-LOG-H61H2-M2","pid":24394,"level":20,"msg":"INFO [Server]: Server initialized on port [8090] ","time":"2018-06-14T01:43:22.520Z","v":0}
{"name":"app-backend","hostname":"victor-LOG-H61H2-M2","pid":24394,"level":20,"msg":"INFO [Database]: Connection with MongoDB established at [localhost] on port [27017] ","time":"2018-06-14T01:43:22.566Z","v":0}
{"name":"app-backend","hostname":"victor-LOG-H61H2-M2","pid":24419,"level":20,"msg":"INFO [Server]: A new route has been defined as [GET] [/api/account/index] [AccountController]#[index] ","time":"2018-06-14T01:43:28.491Z","v":0}
{"name":"app-backend","hostname":"victor-LOG-H61H2-M2","pid":24419,"level":20,"msg":"INFO [Server]: A new route has been defined as [POST] [/api/account/create] [AccountController]#[create] ","time":"2018-06-14T01:43:28.492Z","v":0}
{"name":"app-backend","hostname":"victor-LOG-H61H2-M2","pid":24419,"level":20,"msg":"INFO [Server]: Server initialized on port [8090] ","time":"2018-06-14T01:43:28.497Z","v":0}
{"name":"app-backend","hostname":"victor-LOG-H61H2-M2","pid":24419,"level":20,"msg":"INFO [Database]: Connection with MongoDB established at [localhost] on port [27017] ","time":"2018-06-14T01:43:28.546Z","v":0}
{"name":"app-backend","hostname":"victor-LOG-H61H2-M2","pid":24445,"level":20,"msg":"INFO [Server]: A new route has been defined as [GET] [/api/account/index] [AccountController]#[index] ","time":"2018-06-14T01:43:35.269Z","v":0}
{"name":"app-backend","hostname":"victor-LOG-H61H2-M2","pid":24445,"level":20,"msg":"INFO [Server]: A new route has been defined as [POST] [/api/account/create] [AccountController]#[create] ","time":"2018-06-14T01:43:35.270Z","v":0}
{"name":"app-backend","hostname":"victor-LOG-H61H2-M2","pid":24445,"level":20,"msg":"INFO [Server]: Server initialized on port [8090] ","time":"2018-06-14T01:43:35.275Z","v":0}
{"name":"app-backend","hostname":"victor-LOG-H61H2-M2","pid":24445,"level":20,"msg":"INFO [Database]: Connection with MongoDB established at [localhost] on port [27017] ","time":"2018-06-14T01:43:35.320Z","v":0}
{"name":"app-backend","hostname":"victor-LOG-H61H2-M2","pid":24465,"level":20,"msg":"INFO [Server]: A new route has been defined as [GET] [/api/account/index] [AccountController]#[index] ","time":"2018-06-14T01:43:37.818Z","v":0}
{"name":"app-backend","hostname":"victor-LOG-H61H2-M2","pid":24465,"level":20,"msg":"INFO [Server]: A new route has been defined as [POST] [/api/account/create] [AccountController]#[create] ","time":"2018-06-14T01:43:37.819Z","v":0}
{"name":"app-backend","hostname":"victor-LOG-H61H2-M2","pid":24465,"level":20,"msg":"INFO [Server]: Server initialized on port [8090] ","time":"2018-06-14T01:43:37.824Z","v":0}
{"name":"app-backend","hostname":"victor-LOG-H61H2-M2","pid":24465,"level":20,"msg":"INFO [Database]: Connection with MongoDB established at [localhost] on port [27017] ","time":"2018-06-14T01:43:37.873Z","v":0}
{"name":"app-backend","hostname":"victor-LOG-H61H2-M2","pid":24493,"level":20,"msg":"INFO [Server]: A new route has been defined as [GET] [/api/account/index] [AccountController]#[index] ","time":"2018-06-14T01:43:48.815Z","v":0}
{"name":"app-backend","hostname":"victor-LOG-H61H2-M2","pid":24493,"level":20,"msg":"INFO [Server]: A new route has been defined as [POST] [/api/account/create] [AccountController]#[create] ","time":"2018-06-14T01:43:48.816Z","v":0}
{"name":"app-backend","hostname":"victor-LOG-H61H2-M2","pid":24493,"level":20,"msg":"INFO [Server]: Server initialized on port [8090] ","time":"2018-06-14T01:43:48.821Z","v":0}
{"name":"app-backend","hostname":"victor-LOG-H61H2-M2","pid":24493,"level":20,"msg":"INFO [Database]: Connection with MongoDB established at [localhost] on port [27017] ","time":"2018-06-14T01:43:48.865Z","v":0}
{"name":"app-backend","hostname":"victor-LOG-H61H2-M2","pid":24515,"level":20,"msg":"INFO [Server]: A new route has been defined as [GET] [/api/account/index] [AccountController]#[index] ","time":"2018-06-14T01:44:00.583Z","v":0}
{"name":"app-backend","hostname":"victor-LOG-H61H2-M2","pid":24515,"level":20,"msg":"INFO [Server]: A new route has been defined as [POST] [/api/account/create] [AccountController]#[create] ","time":"2018-06-14T01:44:00.584Z","v":0}
{"name":"app-backend","hostname":"victor-LOG-H61H2-M2","pid":24515,"level":20,"msg":"INFO [Server]: Server initialized on port [8090] ","time":"2018-06-14T01:44:00.588Z","v":0}
{"name":"app-backend","hostname":"victor-LOG-H61H2-M2","pid":24515,"level":20,"msg":"INFO [Database]: Connection with MongoDB established at [localhost] on port [27017] ","time":"2018-06-14T01:44:00.645Z","v":0}
{"name":"app-backend","hostname":"victor-LOG-H61H2-M2","pid":24515,"level":20,"msg":"INFO [Server]: Request has been received with ID [3307ab6a-0520-4514-b87e-0753497f3eac] Object {\n  \"body\": Object {},\n  \"headers\": Object {\n    \"accept\": \"*/*\",\n    \"accept-encoding\": \"gzip, deflate\",\n    \"cache-control\": \"no-cache\",\n    \"connection\": \"keep-alive\",\n    \"content-length\": \"0\",\n    \"host\": \"localhost:8090\",\n    \"postman-token\": \"c339625c-adda-40d3-bf06-436c0e20aab6\",\n    \"user-agent\": \"PostmanRuntime/7.1.1\",\n  },\n  \"method\": \"POST\",\n  \"params\": Object {},\n  \"query\": Object {},\n  \"url\": \"/api/account/create\",\n}","time":"2018-06-14T01:44:03.063Z","v":0}
{"name":"app-backend","hostname":"victor-LOG-H61H2-M2","pid":24515,"level":50,"msg":"INFO [BaseController]: An action method was not found [AccountController] [create] ","time":"2018-06-14T01:44:03.109Z","v":0}
{"name":"app-backend","hostname":"victor-LOG-H61H2-M2","pid":24515,"level":50,"msg":"INFO [BaseController]: An action method was not found [AccountController] [create] ","time":"2018-06-14T01:44:03.109Z","v":0}
{"name":"app-backend","hostname":"victor-LOG-H61H2-M2","pid":24515,"level":50,"msg":"INFO [BaseController]: An action method was not found [AccountController] [create] ","time":"2018-06-14T01:44:03.109Z","v":0}
{"name":"app-backend","hostname":"victor-LOG-H61H2-M2","pid":24596,"level":20,"msg":"INFO [Server]: A new route has been defined as [GET] [/api/account/index] [AccountController]#[index] ","time":"2018-06-14T01:45:07.577Z","v":0}
{"name":"app-backend","hostname":"victor-LOG-H61H2-M2","pid":24596,"level":20,"msg":"INFO [Server]: A new route has been defined as [POST] [/api/account/create] [AccountController]#[create] ","time":"2018-06-14T01:45:07.578Z","v":0}
{"name":"app-backend","hostname":"victor-LOG-H61H2-M2","pid":24596,"level":20,"msg":"INFO [Server]: Server initialized on port [8090] ","time":"2018-06-14T01:45:07.589Z","v":0}
{"name":"app-backend","hostname":"victor-LOG-H61H2-M2","pid":24596,"level":20,"msg":"INFO [Database]: Connection with MongoDB established at [localhost] on port [27017] ","time":"2018-06-14T01:45:07.632Z","v":0}
{"name":"app-backend","hostname":"victor-LOG-H61H2-M2","pid":24596,"level":20,"msg":"INFO [Server]: Request has been received with ID [710926d7-234b-4354-acc1-76be4bd5a42f] Object {\n  \"body\": Object {},\n  \"headers\": Object {\n    \"accept\": \"*/*\",\n    \"accept-encoding\": \"gzip, deflate\",\n    \"cache-control\": \"no-cache\",\n    \"connection\": \"keep-alive\",\n    \"content-length\": \"0\",\n    \"host\": \"localhost:8090\",\n    \"postman-token\": \"6ac9be7f-d6c8-424b-9a9d-bcd07dd045f1\",\n    \"user-agent\": \"PostmanRuntime/7.1.1\",\n  },\n  \"method\": \"POST\",\n  \"params\": Object {},\n  \"query\": Object {},\n  \"url\": \"/api/account/create\",\n}","time":"2018-06-14T01:45:15.357Z","v":0}
{"name":"app-backend","hostname":"victor-LOG-H61H2-M2","pid":24596,"level":50,"msg":"INFO [BaseController]: An action method was not found [AccountController] [create] ","time":"2018-06-14T01:45:15.418Z","v":0}
{"name":"app-backend","hostname":"victor-LOG-H61H2-M2","pid":24596,"level":50,"msg":"INFO [BaseController]: An action method was not found [AccountController] [create] ","time":"2018-06-14T01:45:15.418Z","v":0}
{"name":"app-backend","hostname":"victor-LOG-H61H2-M2","pid":24596,"level":50,"msg":"INFO [BaseController]: An action method was not found [AccountController] [create] ","time":"2018-06-14T01:45:15.418Z","v":0}
{"name":"app-backend","hostname":"victor-LOG-H61H2-M2","pid":24596,"level":20,"msg":"INFO [Server]: Request has been received with ID [598584d7-bd83-4fbd-b353-0bd171acb147] Object {\n  \"body\": Object {},\n  \"headers\": Object {\n    \"accept\": \"*/*\",\n    \"accept-encoding\": \"gzip, deflate\",\n    \"cache-control\": \"no-cache\",\n    \"connection\": \"keep-alive\",\n    \"content-length\": \"0\",\n    \"host\": \"localhost:8090\",\n    \"postman-token\": \"0df3311f-7930-411b-a212-667ee06d3245\",\n    \"user-agent\": \"PostmanRuntime/7.1.1\",\n  },\n  \"method\": \"POST\",\n  \"params\": Object {},\n  \"query\": Object {},\n  \"url\": \"/api/account/create\",\n}","time":"2018-06-14T01:45:35.070Z","v":0}
{"name":"app-backend","hostname":"victor-LOG-H61H2-M2","pid":24596,"level":50,"msg":"INFO [BaseController]: An action method was not found [AccountController] [create] ","time":"2018-06-14T01:45:42.134Z","v":0}
{"name":"app-backend","hostname":"victor-LOG-H61H2-M2","pid":24596,"level":50,"msg":"INFO [BaseController]: An action method was not found [AccountController] [create] ","time":"2018-06-14T01:45:42.134Z","v":0}
{"name":"app-backend","hostname":"victor-LOG-H61H2-M2","pid":24711,"level":20,"msg":"INFO [Server]: A new route has been defined as [GET] [/api/account/index] [AccountController]#[index] ","time":"2018-06-14T01:46:07.665Z","v":0}
{"name":"app-backend","hostname":"victor-LOG-H61H2-M2","pid":24711,"level":20,"msg":"INFO [Server]: A new route has been defined as [POST] [/api/account/create] [AccountController]#[create] ","time":"2018-06-14T01:46:07.666Z","v":0}
{"name":"app-backend","hostname":"victor-LOG-H61H2-M2","pid":24711,"level":20,"msg":"INFO [Server]: Server initialized on port [8090] ","time":"2018-06-14T01:46:07.678Z","v":0}
{"name":"app-backend","hostname":"victor-LOG-H61H2-M2","pid":24711,"level":20,"msg":"INFO [Database]: Connection with MongoDB established at [localhost] on port [27017] ","time":"2018-06-14T01:46:07.721Z","v":0}
{"name":"app-backend","hostname":"victor-LOG-H61H2-M2","pid":24711,"level":20,"msg":"INFO [Server]: Request has been received with ID [31f07f87-58f4-4781-ae61-9b6331f17550] Object {\n  \"body\": Object {},\n  \"headers\": Object {\n    \"accept\": \"*/*\",\n    \"accept-encoding\": \"gzip, deflate\",\n    \"cache-control\": \"no-cache\",\n    \"connection\": \"keep-alive\",\n    \"content-length\": \"0\",\n    \"host\": \"localhost:8090\",\n    \"postman-token\": \"f4400fb1-00de-4e08-884a-703bf6ecf264\",\n    \"user-agent\": \"PostmanRuntime/7.1.1\",\n  },\n  \"method\": \"POST\",\n  \"params\": Object {},\n  \"query\": Object {},\n  \"url\": \"/api/account/create\",\n}","time":"2018-06-14T01:46:09.596Z","v":0}
{"name":"app-backend","hostname":"victor-LOG-H61H2-M2","pid":24711,"level":50,"msg":"INFO [BaseController]: An action method was not found [AccountController] [create] ","time":"2018-06-14T01:46:12.168Z","v":0}
{"name":"app-backend","hostname":"victor-LOG-H61H2-M2","pid":24711,"level":50,"msg":"INFO [BaseController]: An action method was not found [AccountController] [create] ","time":"2018-06-14T01:46:12.168Z","v":0}
{"name":"app-backend","hostname":"victor-LOG-H61H2-M2","pid":24711,"level":50,"msg":"INFO [BaseController]: An action method was not found [AccountController] [create] ","time":"2018-06-14T01:46:12.168Z","v":0}
{"name":"app-backend","hostname":"victor-LOG-H61H2-M2","pid":24711,"level":50,"msg":"INFO [Server]: Error caught for ID [31f07f87-58f4-4781-ae61-9b6331f17550] [Error: An action method was not found [AccountController] [create]]","time":"2018-06-14T01:46:21.569Z","v":0}
{"name":"app-backend","hostname":"victor-LOG-H61H2-M2","pid":24711,"level":20,"msg":"INFO [Server]: Response has been sent for ID [31f07f87-58f4-4781-ae61-9b6331f17550] Object {\n  \"body\": Object {},\n  \"headers\": Object {\n    \"access-control-allow-origin\": \"*\",\n    \"x-powered-by\": \"Express\",\n  },\n  \"status\": 200,\n}","time":"2018-06-14T01:46:21.570Z","v":0}
{"name":"app-backend","hostname":"victor-LOG-H61H2-M2","pid":24711,"level":50,"msg":"INFO [Server]: Error caught for ID [31f07f87-58f4-4781-ae61-9b6331f17550] [Error: An action method was not found [AccountController] [create]]","time":"2018-06-14T01:46:21.569Z","v":0}
{"name":"app-backend","hostname":"victor-LOG-H61H2-M2","pid":24711,"level":50,"msg":"INFO [Server]: Error caught for ID [31f07f87-58f4-4781-ae61-9b6331f17550] [Error: An action method was not found [AccountController] [create]]","time":"2018-06-14T01:46:21.569Z","v":0}
{"name":"app-backend","hostname":"victor-LOG-H61H2-M2","pid":25982,"level":20,"msg":"INFO [Server]: A new route has been defined as [GET] [/api/account/index] [AccountController]#[index] ","time":"2018-06-14T01:59:35.703Z","v":0}
{"name":"app-backend","hostname":"victor-LOG-H61H2-M2","pid":25982,"level":20,"msg":"INFO [Server]: A new route has been defined as [POST] [/api/account/create] [AccountController]#[create] ","time":"2018-06-14T01:59:35.705Z","v":0}
{"name":"app-backend","hostname":"victor-LOG-H61H2-M2","pid":25982,"level":20,"msg":"INFO [Server]: Server initialized on port [8090] ","time":"2018-06-14T01:59:38.308Z","v":0}
{"name":"app-backend","hostname":"victor-LOG-H61H2-M2","pid":25982,"level":20,"msg":"INFO [Database]: Connection with MongoDB established at [localhost] on port [27017] ","time":"2018-06-14T01:59:38.341Z","v":0}
{"name":"app-backend","hostname":"victor-LOG-H61H2-M2","pid":25982,"level":20,"msg":"INFO [Server]: Request has been received with ID [90637b3a-7455-487d-bcb9-f7dcf7e42f29] Object {\n  \"body\": Object {},\n  \"headers\": Object {\n    \"accept\": \"*/*\",\n    \"accept-encoding\": \"gzip, deflate\",\n    \"cache-control\": \"no-cache\",\n    \"connection\": \"keep-alive\",\n    \"content-length\": \"0\",\n    \"host\": \"localhost:8090\",\n    \"postman-token\": \"b59b1d70-f4f4-443e-8549-0f0811ab74b0\",\n    \"user-agent\": \"PostmanRuntime/7.1.1\",\n  },\n  \"method\": \"POST\",\n  \"params\": Object {},\n  \"query\": Object {},\n  \"url\": \"/api/account/create\",\n}","time":"2018-06-14T01:59:42.580Z","v":0}
{"name":"app-backend","hostname":"victor-LOG-H61H2-M2","pid":25982,"level":50,"msg":"INFO [BaseController]: An action method was not found [AccountController] [create] ","time":"2018-06-14T01:59:50.548Z","v":0}
{"name":"app-backend","hostname":"victor-LOG-H61H2-M2","pid":25982,"level":50,"msg":"INFO [BaseController]: An action method was not found [AccountController] [create] ","time":"2018-06-14T01:59:50.548Z","v":0}
{"name":"app-backend","hostname":"victor-LOG-H61H2-M2","pid":25982,"level":50,"msg":"INFO [BaseController]: An action method was not found [AccountController] [create] ","time":"2018-06-14T01:59:50.548Z","v":0}
{"name":"app-backend","hostname":"victor-LOG-H61H2-M2","pid":25982,"level":50,"msg":"INFO [Server]: Error caught for ID [90637b3a-7455-487d-bcb9-f7dcf7e42f29] [Error: An action method was not found [AccountController] [create]]","time":"2018-06-14T01:59:50.553Z","v":0}
{"name":"app-backend","hostname":"victor-LOG-H61H2-M2","pid":25982,"level":50,"msg":"INFO [Server]: Error caught for ID [90637b3a-7455-487d-bcb9-f7dcf7e42f29] [Error: An action method was not found [AccountController] [create]]","time":"2018-06-14T01:59:50.553Z","v":0}
{"name":"app-backend","hostname":"victor-LOG-H61H2-M2","pid":25982,"level":50,"msg":"INFO [Server]: Error caught for ID [90637b3a-7455-487d-bcb9-f7dcf7e42f29] [Error: An action method was not found [AccountController] [create]]","time":"2018-06-14T01:59:50.553Z","v":0}
{"name":"app-backend","hostname":"victor-LOG-H61H2-M2","pid":25982,"level":20,"msg":"INFO [Server]: Request has been received with ID [a02b42cc-d015-496d-9192-39ecd23beb35] Object {\n  \"body\": Object {},\n  \"headers\": Object {\n    \"accept\": \"*/*\",\n    \"accept-encoding\": \"gzip, deflate\",\n    \"cache-control\": \"no-cache\",\n    \"connection\": \"keep-alive\",\n    \"content-length\": \"0\",\n    \"host\": \"localhost:8090\",\n    \"postman-token\": \"1985c2c3-7c99-47f3-bbc3-bf5f08d01f4e\",\n    \"user-agent\": \"PostmanRuntime/7.1.1\",\n  },\n  \"method\": \"POST\",\n  \"params\": Object {},\n  \"query\": Object {},\n  \"url\": \"/api/account/create\",\n}","time":"2018-06-14T02:02:56.854Z","v":0}
{"name":"app-backend","hostname":"victor-LOG-H61H2-M2","pid":25982,"level":50,"msg":"INFO [BaseController]: An action method was not found [AccountController] [create] ","time":"2018-06-14T02:03:02.962Z","v":0}
{"name":"app-backend","hostname":"victor-LOG-H61H2-M2","pid":25982,"level":50,"msg":"INFO [BaseController]: An action method was not found [AccountController] [create] ","time":"2018-06-14T02:03:02.962Z","v":0}
{"name":"app-backend","hostname":"victor-LOG-H61H2-M2","pid":26757,"level":20,"msg":"INFO [Server]: A new route has been defined as [GET] [/api/account/index] [AccountController]#[index] ","time":"2018-06-14T02:03:58.359Z","v":0}
{"name":"app-backend","hostname":"victor-LOG-H61H2-M2","pid":26757,"level":20,"msg":"INFO [Server]: A new route has been defined as [POST] [/api/account/create] [AccountController]#[create] ","time":"2018-06-14T02:03:58.360Z","v":0}
{"name":"app-backend","hostname":"victor-LOG-H61H2-M2","pid":26757,"level":20,"msg":"INFO [Server]: Server initialized on port [8090] ","time":"2018-06-14T02:03:58.372Z","v":0}
{"name":"app-backend","hostname":"victor-LOG-H61H2-M2","pid":26757,"level":20,"msg":"INFO [Database]: Connection with MongoDB established at [localhost] on port [27017] ","time":"2018-06-14T02:03:58.414Z","v":0}
{"name":"app-backend","hostname":"victor-LOG-H61H2-M2","pid":26757,"level":20,"msg":"INFO [Server]: Request has been received with ID [97527e21-e5ce-42fd-adc9-94a8db46ee14] Object {\n  \"body\": Object {},\n  \"headers\": Object {\n    \"accept\": \"*/*\",\n    \"accept-encoding\": \"gzip, deflate\",\n    \"cache-control\": \"no-cache\",\n    \"connection\": \"keep-alive\",\n    \"content-length\": \"0\",\n    \"host\": \"localhost:8090\",\n    \"postman-token\": \"d17fc400-63f0-44f9-9e9e-1f5145a24910\",\n    \"user-agent\": \"PostmanRuntime/7.1.1\",\n  },\n  \"method\": \"POST\",\n  \"params\": Object {},\n  \"query\": Object {},\n  \"url\": \"/api/account/create\",\n}","time":"2018-06-14T02:04:00.152Z","v":0}
{"name":"app-backend","hostname":"victor-LOG-H61H2-M2","pid":26757,"level":50,"msg":"INFO [BaseController]: An action method was not found [AccountController] [create] ","time":"2018-06-14T02:04:03.434Z","v":0}
{"name":"app-backend","hostname":"victor-LOG-H61H2-M2","pid":26757,"level":50,"msg":"INFO [BaseController]: An action method was not found [AccountController] [create] ","time":"2018-06-14T02:04:03.434Z","v":0}
{"name":"app-backend","hostname":"victor-LOG-H61H2-M2","pid":26757,"level":50,"msg":"INFO [BaseController]: An action method was not found [AccountController] [create] ","time":"2018-06-14T02:04:03.434Z","v":0}
{"name":"app-backend","hostname":"victor-LOG-H61H2-M2","pid":26757,"level":50,"msg":"INFO [Server]: Error caught for ID [97527e21-e5ce-42fd-adc9-94a8db46ee14] [Error: An action method was not found [AccountController] [create]]","time":"2018-06-14T02:04:06.743Z","v":0}
{"name":"app-backend","hostname":"victor-LOG-H61H2-M2","pid":26757,"level":50,"msg":"INFO [Server]: Error caught for ID [97527e21-e5ce-42fd-adc9-94a8db46ee14] [Error: An action method was not found [AccountController] [create]]","time":"2018-06-14T02:04:06.743Z","v":0}
{"name":"app-backend","hostname":"victor-LOG-H61H2-M2","pid":26757,"level":50,"msg":"INFO [Server]: Error caught for ID [97527e21-e5ce-42fd-adc9-94a8db46ee14] [Error: An action method was not found [AccountController] [create]]","time":"2018-06-14T02:04:06.743Z","v":0}
